# JRE version: OpenJDK Runtime Environment (8.0_112-b06) (build 1.8.0_112-release-b06)
# Java VM: OpenJDK 64-Bit Server VM (25.112-b06 mixed mode windows-amd64 compressed oops)
Heap:
 PSYoungGen      total 111104K, used 38025K [0x00000000eab00000, 0x00000000f2500000, 0x0000000100000000)
  eden space 99328K, 28% used [0x00000000eab00000,0x00000000ec660ae0,0x00000000f0c00000)
  from space 11776K, 84% used [0x00000000f1900000,0x00000000f22c1c00,0x00000000f2480000)
  to   space 12800K, 10% used [0x00000000f0c00000,0x00000000f0d58000,0x00000000f1880000)
 ParOldGen       total 65024K, used 13274K [0x00000000c0000000, 0x00000000c3f80000, 0x00000000eab00000)
  object space 65024K, 20% used [0x00000000c0000000,0x00000000c0cf6920,0x00000000c3f80000)
 Metaspace       used 33114K, capacity 33720K, committed 33792K, reserved 1083392K
  class space    used 4418K, capacity 4571K, committed 4608K, reserved 1048576K
GC Heap History (10 events):
Event: 3.853 GC heap after
Heap after GC invocations=3 (full 0):
 PSYoungGen      total 38400K, used 5107K [0x00000000eab00000, 0x00000000ef600000, 0x0000000100000000)
  eden space 33280K, 0% used [0x00000000eab00000,0x00000000eab00000,0x00000000ecb80000)
  from space 5120K, 99% used [0x00000000ecb80000,0x00000000ed07ce60,0x00000000ed080000)
  to   space 5120K, 0% used [0x00000000ef100000,0x00000000ef100000,0x00000000ef600000)
 ParOldGen       total 87552K, used 3826K [0x00000000c0000000, 0x00000000c5580000, 0x00000000eab00000)
  object space 87552K, 4% used [0x00000000c0000000,0x00000000c03bcbf8,0x00000000c5580000)
 Metaspace       used 16642K, capacity 17006K, committed 17024K, reserved 1064960K
  class space    used 2319K, capacity 2432K, committed 2432K, reserved 1048576K
}
Event: 4.504 GC heap before
{Heap before GC invocations=4 (full 0):
 PSYoungGen      total 38400K, used 27936K [0x00000000eab00000, 0x00000000ef600000, 0x0000000100000000)
  eden space 33280K, 68% used [0x00000000eab00000,0x00000000ec14b590,0x00000000ecb80000)
  from space 5120K, 99% used [0x00000000ecb80000,0x00000000ed07ce60,0x00000000ed080000)
  to   space 5120K, 0% used [0x00000000ef100000,0x00000000ef100000,0x00000000ef600000)
 ParOldGen       total 87552K, used 3826K [0x00000000c0000000, 0x00000000c5580000, 0x00000000eab00000)
  object space 87552K, 4% used [0x00000000c0000000,0x00000000c03bcbf8,0x00000000c5580000)
 Metaspace       used 20719K, capacity 21114K, committed 21248K, reserved 1067008K
  class space    used 2802K, capacity 2948K, committed 3072K, reserved 1048576K
Event: 4.520 GC heap after
Heap after GC invocations=4 (full 0):
 PSYoungGen      total 71680K, used 5099K [0x00000000eab00000, 0x00000000ef600000, 0x0000000100000000)
  eden space 66560K, 0% used [0x00000000eab00000,0x00000000eab00000,0x00000000eec00000)
  from space 5120K, 99% used [0x00000000ef100000,0x00000000ef5fafe0,0x00000000ef600000)
  to   space 5120K, 0% used [0x00000000eec00000,0x00000000eec00000,0x00000000ef100000)
 ParOldGen       total 87552K, used 8200K [0x00000000c0000000, 0x00000000c5580000, 0x00000000eab00000)
  object space 87552K, 9% used [0x00000000c0000000,0x00000000c0802320,0x00000000c5580000)
 Metaspace       used 20719K, capacity 21114K, committed 21248K, reserved 1067008K
  class space    used 2802K, capacity 2948K, committed 3072K, reserved 1048576K
}
Event: 4.520 GC heap before
{Heap before GC invocations=5 (full 1):
 PSYoungGen      total 71680K, used 5099K [0x00000000eab00000, 0x00000000ef600000, 0x0000000100000000)
  eden space 66560K, 0% used [0x00000000eab00000,0x00000000eab00000,0x00000000eec00000)
  from space 5120K, 99% used [0x00000000ef100000,0x00000000ef5fafe0,0x00000000ef600000)
  to   space 5120K, 0% used [0x00000000eec00000,0x00000000eec00000,0x00000000ef100000)
 ParOldGen       total 87552K, used 8200K [0x00000000c0000000, 0x00000000c5580000, 0x00000000eab00000)
  object space 87552K, 9% used [0x00000000c0000000,0x00000000c0802320,0x00000000c5580000)
 Metaspace       used 20719K, capacity 21114K, committed 21248K, reserved 1067008K
  class space    used 2802K, capacity 2948K, committed 3072K, reserved 1048576K
Event: 4.584 GC heap after
Heap after GC invocations=5 (full 1):
 PSYoungGen      total 71680K, used 0K [0x00000000eab00000, 0x00000000ef600000, 0x0000000100000000)
  eden space 66560K, 0% used [0x00000000eab00000,0x00000000eab00000,0x00000000eec00000)
  from space 5120K, 0% used [0x00000000ef100000,0x00000000ef100000,0x00000000ef600000)
  to   space 5120K, 0% used [0x00000000eec00000,0x00000000eec00000,0x00000000ef100000)
 ParOldGen       total 65024K, used 9322K [0x00000000c0000000, 0x00000000c3f80000, 0x00000000eab00000)
  object space 65024K, 14% used [0x00000000c0000000,0x00000000c091aa58,0x00000000c3f80000)
 Metaspace       used 20719K, capacity 21114K, committed 21248K, reserved 1067008K
  class space    used 2802K, capacity 2948K, committed 3072K, reserved 1048576K
}
Event: 6.625 GC heap before
{Heap before GC invocations=6 (full 1):
 PSYoungGen      total 71680K, used 66560K [0x00000000eab00000, 0x00000000ef600000, 0x0000000100000000)
  eden space 66560K, 100% used [0x00000000eab00000,0x00000000eec00000,0x00000000eec00000)
  from space 5120K, 0% used [0x00000000ef100000,0x00000000ef100000,0x00000000ef600000)
  to   space 5120K, 0% used [0x00000000eec00000,0x00000000eec00000,0x00000000ef100000)
 ParOldGen       total 65024K, used 9322K [0x00000000c0000000, 0x00000000c3f80000, 0x00000000eab00000)
  object space 65024K, 14% used [0x00000000c0000000,0x00000000c091aa58,0x00000000c3f80000)
 Metaspace       used 27632K, capacity 28212K, committed 28544K, reserved 1073152K
  class space    used 3685K, capacity 3852K, committed 3968K, reserved 1048576K
Event: 6.660 GC heap after
Heap after GC invocations=6 (full 1):
 PSYoungGen      total 71680K, used 5111K [0x00000000eab00000, 0x00000000f2480000, 0x0000000100000000)
  eden space 66560K, 0% used [0x00000000eab00000,0x00000000eab00000,0x00000000eec00000)
  from space 5120K, 99% used [0x00000000eec00000,0x00000000ef0fdd60,0x00000000ef100000)
  to   space 11776K, 0% used [0x00000000f1900000,0x00000000f1900000,0x00000000f2480000)
 ParOldGen       total 65024K, used 13266K [0x00000000c0000000, 0x00000000c3f80000, 0x00000000eab00000)
  object space 65024K, 20% used [0x00000000c0000000,0x00000000c0cf4920,0x00000000c3f80000)
 Metaspace       used 27632K, capacity 28212K, committed 28544K, reserved 1073152K
  class space    used 3685K, capacity 3852K, committed 3968K, reserved 1048576K
}
Event: 8.531 GC heap before
{Heap before GC invocations=7 (full 1):
 PSYoungGen      total 71680K, used 71671K [0x00000000eab00000, 0x00000000f2480000, 0x0000000100000000)
  eden space 66560K, 100% used [0x00000000eab00000,0x00000000eec00000,0x00000000eec00000)
  from space 5120K, 99% used [0x00000000eec00000,0x00000000ef0fdd60,0x00000000ef100000)
  to   space 11776K, 0% used [0x00000000f1900000,0x00000000f1900000,0x00000000f2480000)
 ParOldGen       total 65024K, used 13266K [0x00000000c0000000, 0x00000000c3f80000, 0x00000000eab00000)
  object space 65024K, 20% used [0x00000000c0000000,0x00000000c0cf4920,0x00000000c3f80000)
 Metaspace       used 32615K, capacity 33260K, committed 33536K, reserved 1079296K
  class space    used 4379K, capacity 4548K, committed 4608K, reserved 1048576K
Event: 8.549 GC heap after
Heap after GC invocations=7 (full 1):
 PSYoungGen      total 111104K, used 9991K [0x00000000eab00000, 0x00000000f2500000, 0x0000000100000000)
  eden space 99328K, 0% used [0x00000000eab00000,0x00000000eab00000,0x00000000f0c00000)
  from space 11776K, 84% used [0x00000000f1900000,0x00000000f22c1c00,0x00000000f2480000)
  to   space 12800K, 0% used [0x00000000f0c00000,0x00000000f0c00000,0x00000000f1880000)
 ParOldGen       total 65024K, used 13274K [0x00000000c0000000, 0x00000000c3f80000, 0x00000000eab00000)
  object space 65024K, 20% used [0x00000000c0000000,0x00000000c0cf6920,0x00000000c3f80000)
 Metaspace       used 32615K, capacity 33260K, committed 33536K, reserved 1079296K
  class space    used 4379K, capacity 4548K, committed 4608K, reserved 1048576K
}
Event: 11.451 GC heap before
{Heap before GC invocations=8 (full 1):
 PSYoungGen      total 111104K, used 38025K [0x00000000eab00000, 0x00000000f2500000, 0x0000000100000000)
  eden space 99328K, 28% used [0x00000000eab00000,0x00000000ec660ae0,0x00000000f0c00000)
  from space 11776K, 84% used [0x00000000f1900000,0x00000000f22c1c00,0x00000000f2480000)
  to   space 12800K, 0% used [0x00000000f0c00000,0x00000000f0c00000,0x00000000f1880000)
 ParOldGen       total 65024K, used 13274K [0x00000000c0000000, 0x00000000c3f80000, 0x00000000eab00000)
  object space 65024K, 20% used [0x00000000c0000000,0x00000000c0cf6920,0x00000000c3f80000)
 Metaspace       used 33114K, capacity 33720K, committed 33792K, reserved 1083392K
  class space    used 4418K, capacity 4571K, committed 4608K, reserved 1048576K

