# JRE version: OpenJDK Runtime Environment (8.0_112-b06) (build 1.8.0_112-release-b06)
# Java VM: OpenJDK 64-Bit Server VM (25.112-b06 mixed mode windows-amd64 compressed oops)
Heap:
 PSYoungGen      total 146432K, used 30971K [0x00000000eab00000, 0x00000000f6f80000, 0x0000000100000000)
  eden space 133632K, 13% used [0x00000000eab00000,0x00000000ebcc0560,0x00000000f2d80000)
  from space 12800K, 99% used [0x00000000f2d80000,0x00000000f39fe7c8,0x00000000f3a00000)
  to   space 16384K, 0% used [0x00000000f5f80000,0x00000000f5f80000,0x00000000f6f80000)
 ParOldGen       total 105472K, used 20879K [0x00000000c0000000, 0x00000000c6700000, 0x00000000eab00000)
  object space 105472K, 19% used [0x00000000c0000000,0x00000000c1463ce0,0x00000000c6700000)
 Metaspace       used 49073K, capacity 50456K, committed 50688K, reserved 1093632K
  class space    used 6520K, capacity 6830K, committed 6912K, reserved 1048576K
GC Heap History (10 events):
Event: 6.353 GC heap before
{Heap before GC invocations=7 (full 1):
 PSYoungGen      total 71680K, used 71654K [0x00000000eab00000, 0x00000000f2100000, 0x0000000100000000)
  eden space 66560K, 100% used [0x00000000eab00000,0x00000000eec00000,0x00000000eec00000)
  from space 5120K, 99% used [0x00000000eec00000,0x00000000ef0f9a60,0x00000000ef100000)
  to   space 11776K, 0% used [0x00000000f1580000,0x00000000f1580000,0x00000000f2100000)
 ParOldGen       total 64000K, used 12907K [0x00000000c0000000, 0x00000000c3e80000, 0x00000000eab00000)
  object space 64000K, 20% used [0x00000000c0000000,0x00000000c0c9add0,0x00000000c3e80000)
 Metaspace       used 31908K, capacity 32664K, committed 33024K, reserved 1077248K
  class space    used 4308K, capacity 4528K, committed 4608K, reserved 1048576K
Event: 6.363 GC heap after
Heap after GC invocations=7 (full 1):
 PSYoungGen      total 107008K, used 9025K [0x00000000eab00000, 0x00000000f2080000, 0x0000000100000000)
  eden space 95744K, 0% used [0x00000000eab00000,0x00000000eab00000,0x00000000f0880000)
  from space 11264K, 80% used [0x00000000f1580000,0x00000000f1e50610,0x00000000f2080000)
  to   space 12288K, 0% used [0x00000000f0880000,0x00000000f0880000,0x00000000f1480000)
 ParOldGen       total 64000K, used 12915K [0x00000000c0000000, 0x00000000c3e80000, 0x00000000eab00000)
  object space 64000K, 20% used [0x00000000c0000000,0x00000000c0c9cdd0,0x00000000c3e80000)
 Metaspace       used 31908K, capacity 32664K, committed 33024K, reserved 1077248K
  class space    used 4308K, capacity 4528K, committed 4608K, reserved 1048576K
}
Event: 8.847 GC heap before
{Heap before GC invocations=8 (full 1):
 PSYoungGen      total 107008K, used 85060K [0x00000000eab00000, 0x00000000f2080000, 0x0000000100000000)
  eden space 95744K, 79% used [0x00000000eab00000,0x00000000ef540b30,0x00000000f0880000)
  from space 11264K, 80% used [0x00000000f1580000,0x00000000f1e50610,0x00000000f2080000)
  to   space 12288K, 0% used [0x00000000f0880000,0x00000000f0880000,0x00000000f1480000)
 ParOldGen       total 64000K, used 12915K [0x00000000c0000000, 0x00000000c3e80000, 0x00000000eab00000)
  object space 64000K, 20% used [0x00000000c0000000,0x00000000c0c9cdd0,0x00000000c3e80000)
 Metaspace       used 34521K, capacity 35310K, committed 35416K, reserved 1079296K
  class space    used 4591K, capacity 4817K, committed 4864K, reserved 1048576K
Event: 8.861 GC heap after
Heap after GC invocations=8 (full 1):
 PSYoungGen      total 108032K, used 9528K [0x00000000eab00000, 0x00000000f4600000, 0x0000000100000000)
  eden space 95744K, 0% used [0x00000000eab00000,0x00000000eab00000,0x00000000f0880000)
  from space 12288K, 77% used [0x00000000f0880000,0x00000000f11ce388,0x00000000f1480000)
  to   space 12288K, 0% used [0x00000000f3a00000,0x00000000f3a00000,0x00000000f4600000)
 ParOldGen       total 64000K, used 12923K [0x00000000c0000000, 0x00000000c3e80000, 0x00000000eab00000)
  object space 64000K, 20% used [0x00000000c0000000,0x00000000c0c9edd0,0x00000000c3e80000)
 Metaspace       used 34521K, capacity 35310K, committed 35416K, reserved 1079296K
  class space    used 4591K, capacity 4817K, committed 4864K, reserved 1048576K
}
Event: 8.861 GC heap before
{Heap before GC invocations=9 (full 2):
 PSYoungGen      total 108032K, used 9528K [0x00000000eab00000, 0x00000000f4600000, 0x0000000100000000)
  eden space 95744K, 0% used [0x00000000eab00000,0x00000000eab00000,0x00000000f0880000)
  from space 12288K, 77% used [0x00000000f0880000,0x00000000f11ce388,0x00000000f1480000)
  to   space 12288K, 0% used [0x00000000f3a00000,0x00000000f3a00000,0x00000000f4600000)
 ParOldGen       total 64000K, used 12923K [0x00000000c0000000, 0x00000000c3e80000, 0x00000000eab00000)
  object space 64000K, 20% used [0x00000000c0000000,0x00000000c0c9edd0,0x00000000c3e80000)
 Metaspace       used 34521K, capacity 35310K, committed 35416K, reserved 1079296K
  class space    used 4591K, capacity 4817K, committed 4864K, reserved 1048576K
Event: 8.961 GC heap after
Heap after GC invocations=9 (full 2):
 PSYoungGen      total 108032K, used 0K [0x00000000eab00000, 0x00000000f4600000, 0x0000000100000000)
  eden space 95744K, 0% used [0x00000000eab00000,0x00000000eab00000,0x00000000f0880000)
  from space 12288K, 0% used [0x00000000f0880000,0x00000000f0880000,0x00000000f1480000)
  to   space 12288K, 0% used [0x00000000f3a00000,0x00000000f3a00000,0x00000000f4600000)
 ParOldGen       total 105472K, used 16221K [0x00000000c0000000, 0x00000000c6700000, 0x00000000eab00000)
  object space 105472K, 15% used [0x00000000c0000000,0x00000000c0fd7740,0x00000000c6700000)
 Metaspace       used 34473K, capacity 35256K, committed 35416K, reserved 1079296K
  class space    used 4575K, capacity 4799K, committed 4864K, reserved 1048576K
}
Event: 10.199 GC heap before
{Heap before GC invocations=10 (full 2):
 PSYoungGen      total 108032K, used 95744K [0x00000000eab00000, 0x00000000f4600000, 0x0000000100000000)
  eden space 95744K, 100% used [0x00000000eab00000,0x00000000f0880000,0x00000000f0880000)
  from space 12288K, 0% used [0x00000000f0880000,0x00000000f0880000,0x00000000f1480000)
  to   space 12288K, 0% used [0x00000000f3a00000,0x00000000f3a00000,0x00000000f4600000)
 ParOldGen       total 105472K, used 16221K [0x00000000c0000000, 0x00000000c6700000, 0x00000000eab00000)
  object space 105472K, 15% used [0x00000000c0000000,0x00000000c0fd7740,0x00000000c6700000)
 Metaspace       used 39892K, capacity 40708K, committed 41088K, reserved 1085440K
  class space    used 5281K, capacity 5480K, committed 5504K, reserved 1048576K
Event: 10.219 GC heap after
Heap after GC invocations=10 (full 2):
 PSYoungGen      total 145920K, used 10171K [0x00000000eab00000, 0x00000000f4680000, 0x0000000100000000)
  eden space 133632K, 0% used [0x00000000eab00000,0x00000000eab00000,0x00000000f2d80000)
  from space 12288K, 82% used [0x00000000f3a00000,0x00000000f43eecf0,0x00000000f4600000)
  to   space 12800K, 0% used [0x00000000f2d80000,0x00000000f2d80000,0x00000000f3a00000)
 ParOldGen       total 105472K, used 16229K [0x00000000c0000000, 0x00000000c6700000, 0x00000000eab00000)
  object space 105472K, 15% used [0x00000000c0000000,0x00000000c0fd9740,0x00000000c6700000)
 Metaspace       used 39892K, capacity 40708K, committed 41088K, reserved 1085440K
  class space    used 5281K, capacity 5480K, committed 5504K, reserved 1048576K
}
Event: 12.063 GC heap before
{Heap before GC invocations=11 (full 2):
 PSYoungGen      total 145920K, used 143803K [0x00000000eab00000, 0x00000000f4680000, 0x0000000100000000)
  eden space 133632K, 100% used [0x00000000eab00000,0x00000000f2d80000,0x00000000f2d80000)
  from space 12288K, 82% used [0x00000000f3a00000,0x00000000f43eecf0,0x00000000f4600000)
  to   space 12800K, 0% used [0x00000000f2d80000,0x00000000f2d80000,0x00000000f3a00000)
 ParOldGen       total 105472K, used 16229K [0x00000000c0000000, 0x00000000c6700000, 0x00000000eab00000)
  object space 105472K, 15% used [0x00000000c0000000,0x00000000c0fd9740,0x00000000c6700000)
 Metaspace       used 48433K, capacity 49738K, committed 49792K, reserved 1091584K
  class space    used 6416K, capacity 6739K, committed 6784K, reserved 1048576K
Event: 12.097 GC heap after
Heap after GC invocations=11 (full 2):
 PSYoungGen      total 146432K, used 12793K [0x00000000eab00000, 0x00000000f6f80000, 0x0000000100000000)
  eden space 133632K, 0% used [0x00000000eab00000,0x00000000eab00000,0x00000000f2d80000)
  from space 12800K, 99% used [0x00000000f2d80000,0x00000000f39fe7c8,0x00000000f3a00000)
  to   space 16384K, 0% used [0x00000000f5f80000,0x00000000f5f80000,0x00000000f6f80000)
 ParOldGen       total 105472K, used 20879K [0x00000000c0000000, 0x00000000c6700000, 0x00000000eab00000)
  object space 105472K, 19% used [0x00000000c0000000,0x00000000c1463ce0,0x00000000c6700000)
 Metaspace       used 48433K, capacity 49738K, committed 49792K, reserved 1091584K
  class space    used 6416K, capacity 6739K, committed 6784K, reserved 1048576K
}

