# JRE version: OpenJDK Runtime Environment (8.0_112-b06) (build 1.8.0_112-release-b06)
# Java VM: OpenJDK 64-Bit Server VM (25.112-b06 mixed mode windows-amd64 compressed oops)
Heap:
 PSYoungGen      total 168448K, used 9056K [0x00000000eab00000, 0x00000000f8c00000, 0x0000000100000000)
  eden space 148480K, 0% used [0x00000000eab00000,0x00000000eab00000,0x00000000f3c00000)
  from space 19968K, 45% used [0x00000000f3c00000,0x00000000f44d8000,0x00000000f4f80000)
  to   space 19456K, 0% used [0x00000000f7900000,0x00000000f7900000,0x00000000f8c00000)
 ParOldGen       total 84480K, used 36832K [0x00000000c0000000, 0x00000000c5280000, 0x00000000eab00000)
  object space 84480K, 43% used [0x00000000c0000000,0x00000000c23f82d0,0x00000000c5280000)
 Metaspace       used 54181K, capacity 55850K, committed 55856K, reserved 1101824K
  class space    used 7353K, capacity 7724K, committed 7728K, reserved 1048576K
GC Heap History (10 events):
Event: 7.675 GC heap before
{Heap before GC invocations=8 (full 1):
 PSYoungGen      total 111104K, used 109189K [0x00000000eab00000, 0x00000000f2380000, 0x0000000100000000)
  eden space 101888K, 100% used [0x00000000eab00000,0x00000000f0e80000,0x00000000f0e80000)
  from space 9216K, 79% used [0x00000000f1a80000,0x00000000f21a1458,0x00000000f2380000)
  to   space 10752K, 0% used [0x00000000f0e80000,0x00000000f0e80000,0x00000000f1900000)
 ParOldGen       total 65024K, used 15060K [0x00000000c0000000, 0x00000000c3f80000, 0x00000000eab00000)
  object space 65024K, 23% used [0x00000000c0000000,0x00000000c0eb5308,0x00000000c3f80000)
 Metaspace       used 34145K, capacity 34888K, committed 35120K, reserved 1079296K
  class space    used 4620K, capacity 4849K, committed 4912K, reserved 1048576K
Event: 7.696 GC heap after
Heap after GC invocations=8 (full 1):
 PSYoungGen      total 112640K, used 10739K [0x00000000eab00000, 0x00000000f5b80000, 0x0000000100000000)
  eden space 101888K, 0% used [0x00000000eab00000,0x00000000eab00000,0x00000000f0e80000)
  from space 10752K, 99% used [0x00000000f0e80000,0x00000000f18fcea8,0x00000000f1900000)
  to   space 12288K, 0% used [0x00000000f4f80000,0x00000000f4f80000,0x00000000f5b80000)
 ParOldGen       total 65024K, used 15686K [0x00000000c0000000, 0x00000000c3f80000, 0x00000000eab00000)
  object space 65024K, 24% used [0x00000000c0000000,0x00000000c0f51800,0x00000000c3f80000)
 Metaspace       used 34145K, capacity 34888K, committed 35120K, reserved 1079296K
  class space    used 4620K, capacity 4849K, committed 4912K, reserved 1048576K
}
Event: 7.769 GC heap before
{Heap before GC invocations=9 (full 1):
 PSYoungGen      total 112640K, used 16695K [0x00000000eab00000, 0x00000000f5b80000, 0x0000000100000000)
  eden space 101888K, 5% used [0x00000000eab00000,0x00000000eb0d0ea0,0x00000000f0e80000)
  from space 10752K, 99% used [0x00000000f0e80000,0x00000000f18fcea8,0x00000000f1900000)
  to   space 12288K, 0% used [0x00000000f4f80000,0x00000000f4f80000,0x00000000f5b80000)
 ParOldGen       total 65024K, used 15686K [0x00000000c0000000, 0x00000000c3f80000, 0x00000000eab00000)
  object space 65024K, 24% used [0x00000000c0000000,0x00000000c0f51800,0x00000000c3f80000)
 Metaspace       used 34637K, capacity 35380K, committed 35496K, reserved 1079296K
  class space    used 4687K, capacity 4883K, committed 4912K, reserved 1048576K
Event: 7.782 GC heap after
Heap after GC invocations=9 (full 1):
 PSYoungGen      total 168960K, used 7700K [0x00000000eab00000, 0x00000000f7400000, 0x0000000100000000)
  eden space 156672K, 0% used [0x00000000eab00000,0x00000000eab00000,0x00000000f4400000)
  from space 12288K, 62% used [0x00000000f4f80000,0x00000000f57053e0,0x00000000f5b80000)
  to   space 11776K, 0% used [0x00000000f4400000,0x00000000f4400000,0x00000000f4f80000)
 ParOldGen       total 65024K, used 15694K [0x00000000c0000000, 0x00000000c3f80000, 0x00000000eab00000)
  object space 65024K, 24% used [0x00000000c0000000,0x00000000c0f53800,0x00000000c3f80000)
 Metaspace       used 34637K, capacity 35380K, committed 35496K, reserved 1079296K
  class space    used 4687K, capacity 4883K, committed 4912K, reserved 1048576K
}
Event: 7.782 GC heap before
{Heap before GC invocations=10 (full 2):
 PSYoungGen      total 168960K, used 7700K [0x00000000eab00000, 0x00000000f7400000, 0x0000000100000000)
  eden space 156672K, 0% used [0x00000000eab00000,0x00000000eab00000,0x00000000f4400000)
  from space 12288K, 62% used [0x00000000f4f80000,0x00000000f57053e0,0x00000000f5b80000)
  to   space 11776K, 0% used [0x00000000f4400000,0x00000000f4400000,0x00000000f4f80000)
 ParOldGen       total 65024K, used 15694K [0x00000000c0000000, 0x00000000c3f80000, 0x00000000eab00000)
  object space 65024K, 24% used [0x00000000c0000000,0x00000000c0f53800,0x00000000c3f80000)
 Metaspace       used 34637K, capacity 35380K, committed 35496K, reserved 1079296K
  class space    used 4687K, capacity 4883K, committed 4912K, reserved 1048576K
Event: 7.903 GC heap after
Heap after GC invocations=10 (full 2):
 PSYoungGen      total 168960K, used 0K [0x00000000eab00000, 0x00000000f7400000, 0x0000000100000000)
  eden space 156672K, 0% used [0x00000000eab00000,0x00000000eab00000,0x00000000f4400000)
  from space 12288K, 0% used [0x00000000f4f80000,0x00000000f4f80000,0x00000000f5b80000)
  to   space 11776K, 0% used [0x00000000f4400000,0x00000000f4400000,0x00000000f4f80000)
 ParOldGen       total 84480K, used 14643K [0x00000000c0000000, 0x00000000c5280000, 0x00000000eab00000)
  object space 84480K, 17% used [0x00000000c0000000,0x00000000c0e4ce28,0x00000000c5280000)
 Metaspace       used 34637K, capacity 35380K, committed 35496K, reserved 1079296K
  class space    used 4687K, capacity 4883K, committed 4912K, reserved 1048576K
}
Event: 9.795 GC heap before
{Heap before GC invocations=11 (full 2):
 PSYoungGen      total 168960K, used 156672K [0x00000000eab00000, 0x00000000f7400000, 0x0000000100000000)
  eden space 156672K, 100% used [0x00000000eab00000,0x00000000f4400000,0x00000000f4400000)
  from space 12288K, 0% used [0x00000000f4f80000,0x00000000f4f80000,0x00000000f5b80000)
  to   space 11776K, 0% used [0x00000000f4400000,0x00000000f4400000,0x00000000f4f80000)
 ParOldGen       total 84480K, used 14643K [0x00000000c0000000, 0x00000000c5280000, 0x00000000eab00000)
  object space 84480K, 17% used [0x00000000c0000000,0x00000000c0e4ce28,0x00000000c5280000)
 Metaspace       used 44204K, capacity 45228K, committed 45360K, reserved 1089536K
  class space    used 5904K, capacity 6128K, committed 6192K, reserved 1048576K
Event: 9.816 GC heap after
Heap after GC invocations=11 (full 2):
 PSYoungGen      total 168448K, used 11767K [0x00000000eab00000, 0x00000000f7400000, 0x0000000100000000)
  eden space 156672K, 0% used [0x00000000eab00000,0x00000000eab00000,0x00000000f4400000)
  from space 11776K, 99% used [0x00000000f4400000,0x00000000f4f7de08,0x00000000f4f80000)
  to   space 12288K, 0% used [0x00000000f4f80000,0x00000000f4f80000,0x00000000f5b80000)
 ParOldGen       total 84480K, used 16401K [0x00000000c0000000, 0x00000000c5280000, 0x00000000eab00000)
  object space 84480K, 19% used [0x00000000c0000000,0x00000000c1004408,0x00000000c5280000)
 Metaspace       used 44204K, capacity 45228K, committed 45360K, reserved 1089536K
  class space    used 5904K, capacity 6128K, committed 6192K, reserved 1048576K
}
Event: 19.957 GC heap before
{Heap before GC invocations=12 (full 2):
 PSYoungGen      total 168448K, used 168439K [0x00000000eab00000, 0x00000000f7400000, 0x0000000100000000)
  eden space 156672K, 100% used [0x00000000eab00000,0x00000000f4400000,0x00000000f4400000)
  from space 11776K, 99% used [0x00000000f4400000,0x00000000f4f7de08,0x00000000f4f80000)
  to   space 12288K, 0% used [0x00000000f4f80000,0x00000000f4f80000,0x00000000f5b80000)
 ParOldGen       total 84480K, used 16401K [0x00000000c0000000, 0x00000000c5280000, 0x00000000eab00000)
  object space 84480K, 19% used [0x00000000c0000000,0x00000000c1004408,0x00000000c5280000)
 Metaspace       used 53288K, capacity 54720K, committed 54960K, reserved 1097728K
  class space    used 7203K, capacity 7530K, committed 7600K, reserved 1048576K
Event: 20.004 GC heap after
Heap after GC invocations=12 (full 2):
 PSYoungGen      total 160768K, used 12273K [0x00000000eab00000, 0x00000000f9d80000, 0x0000000100000000)
  eden space 148480K, 0% used [0x00000000eab00000,0x00000000eab00000,0x00000000f3c00000)
  from space 12288K, 99% used [0x00000000f4f80000,0x00000000f5b7c4e0,0x00000000f5b80000)
  to   space 19968K, 0% used [0x00000000f3c00000,0x00000000f3c00000,0x00000000f4f80000)
 ParOldGen       total 84480K, used 31603K [0x00000000c0000000, 0x00000000c5280000, 0x00000000eab00000)
  object space 84480K, 37% used [0x00000000c0000000,0x00000000c1edce08,0x00000000c5280000)
 Metaspace       used 53288K, capacity 54720K, committed 54960K, reserved 1097728K
  class space    used 7203K, capacity 7530K, committed 7600K, reserved 1048576K
}

