# JRE version: OpenJDK Runtime Environment (8.0_112-b06) (build 1.8.0_112-release-b06)
# Java VM: OpenJDK 64-Bit Server VM (25.112-b06 mixed mode windows-amd64 compressed oops)
Heap:
 PSYoungGen      total 138240K, used 94530K [0x00000000eab00000, 0x00000000f6100000, 0x0000000100000000)
  eden space 124928K, 67% used [0x00000000eab00000,0x00000000efd6c2e8,0x00000000f2500000)
  from space 13312K, 76% used [0x00000000f2500000,0x00000000f2ee48f0,0x00000000f3200000)
  to   space 13824K, 0% used [0x00000000f5380000,0x00000000f5380000,0x00000000f6100000)
 ParOldGen       total 123392K, used 18413K [0x00000000c0000000, 0x00000000c7880000, 0x00000000eab00000)
  object space 123392K, 14% used [0x00000000c0000000,0x00000000c11fb688,0x00000000c7880000)
 Metaspace       used 46912K, capacity 48126K, committed 48384K, reserved 1091584K
  class space    used 6291K, capacity 6546K, committed 6656K, reserved 1048576K
GC Heap History (10 events):
Event: 3.618 GC heap before
{Heap before GC invocations=5 (full 1):
 PSYoungGen      total 71680K, used 66560K [0x00000000eab00000, 0x00000000f3700000, 0x0000000100000000)
  eden space 66560K, 100% used [0x00000000eab00000,0x00000000eec00000,0x00000000eec00000)
  from space 5120K, 0% used [0x00000000eec00000,0x00000000eec00000,0x00000000ef100000)
  to   space 5120K, 0% used [0x00000000f3200000,0x00000000f3200000,0x00000000f3700000)
 ParOldGen       total 74752K, used 11817K [0x00000000c0000000, 0x00000000c4900000, 0x00000000eab00000)
  object space 74752K, 15% used [0x00000000c0000000,0x00000000c0b8a530,0x00000000c4900000)
 Metaspace       used 25758K, capacity 26222K, committed 26496K, reserved 1073152K
  class space    used 3548K, capacity 3675K, committed 3712K, reserved 1048576K
Event: 3.629 GC heap after
Heap after GC invocations=5 (full 1):
 PSYoungGen      total 93696K, used 5112K [0x00000000eab00000, 0x00000000f3700000, 0x0000000100000000)
  eden space 88576K, 0% used [0x00000000eab00000,0x00000000eab00000,0x00000000f0180000)
  from space 5120K, 99% used [0x00000000f3200000,0x00000000f36fe138,0x00000000f3700000)
  to   space 5120K, 0% used [0x00000000f2d00000,0x00000000f2d00000,0x00000000f3200000)
 ParOldGen       total 74752K, used 13990K [0x00000000c0000000, 0x00000000c4900000, 0x00000000eab00000)
  object space 74752K, 18% used [0x00000000c0000000,0x00000000c0da98b0,0x00000000c4900000)
 Metaspace       used 25758K, capacity 26222K, committed 26496K, reserved 1073152K
  class space    used 3548K, capacity 3675K, committed 3712K, reserved 1048576K
}
Event: 4.674 GC heap before
{Heap before GC invocations=6 (full 1):
 PSYoungGen      total 93696K, used 93688K [0x00000000eab00000, 0x00000000f3700000, 0x0000000100000000)
  eden space 88576K, 100% used [0x00000000eab00000,0x00000000f0180000,0x00000000f0180000)
  from space 5120K, 99% used [0x00000000f3200000,0x00000000f36fe138,0x00000000f3700000)
  to   space 5120K, 0% used [0x00000000f2d00000,0x00000000f2d00000,0x00000000f3200000)
 ParOldGen       total 74752K, used 13990K [0x00000000c0000000, 0x00000000c4900000, 0x00000000eab00000)
  object space 74752K, 18% used [0x00000000c0000000,0x00000000c0da98b0,0x00000000c4900000)
 Metaspace       used 28420K, capacity 28944K, committed 29184K, reserved 1075200K
  class space    used 3844K, capacity 4004K, committed 4096K, reserved 1048576K
Event: 4.684 GC heap after
Heap after GC invocations=6 (full 1):
 PSYoungGen      total 120320K, used 5106K [0x00000000eab00000, 0x00000000f3280000, 0x0000000100000000)
  eden space 115200K, 0% used [0x00000000eab00000,0x00000000eab00000,0x00000000f1b80000)
  from space 5120K, 99% used [0x00000000f2d00000,0x00000000f31fc960,0x00000000f3200000)
  to   space 512K, 0% used [0x00000000f3200000,0x00000000f3200000,0x00000000f3280000)
 ParOldGen       total 74752K, used 14926K [0x00000000c0000000, 0x00000000c4900000, 0x00000000eab00000)
  object space 74752K, 19% used [0x00000000c0000000,0x00000000c0e93b08,0x00000000c4900000)
 Metaspace       used 28420K, capacity 28944K, committed 29184K, reserved 1075200K
  class space    used 3844K, capacity 4004K, committed 4096K, reserved 1048576K
}
Event: 5.898 GC heap before
{Heap before GC invocations=7 (full 1):
 PSYoungGen      total 120320K, used 92018K [0x00000000eab00000, 0x00000000f3280000, 0x0000000100000000)
  eden space 115200K, 75% used [0x00000000eab00000,0x00000000effe0068,0x00000000f1b80000)
  from space 5120K, 99% used [0x00000000f2d00000,0x00000000f31fc960,0x00000000f3200000)
  to   space 512K, 0% used [0x00000000f3200000,0x00000000f3200000,0x00000000f3280000)
 ParOldGen       total 74752K, used 14926K [0x00000000c0000000, 0x00000000c4900000, 0x00000000eab00000)
  object space 74752K, 19% used [0x00000000c0000000,0x00000000c0e93b08,0x00000000c4900000)
 Metaspace       used 34722K, capacity 35292K, committed 35496K, reserved 1079296K
  class space    used 4650K, capacity 4818K, committed 4864K, reserved 1048576K
Event: 5.920 GC heap after
Heap after GC invocations=7 (full 1):
 PSYoungGen      total 125440K, used 480K [0x00000000eab00000, 0x00000000f5900000, 0x0000000100000000)
  eden space 124928K, 0% used [0x00000000eab00000,0x00000000eab00000,0x00000000f2500000)
  from space 512K, 93% used [0x00000000f3200000,0x00000000f3278010,0x00000000f3280000)
  to   space 13312K, 0% used [0x00000000f2500000,0x00000000f2500000,0x00000000f3200000)
 ParOldGen       total 74752K, used 26095K [0x00000000c0000000, 0x00000000c4900000, 0x00000000eab00000)
  object space 74752K, 34% used [0x00000000c0000000,0x00000000c197bdf8,0x00000000c4900000)
 Metaspace       used 34722K, capacity 35292K, committed 35496K, reserved 1079296K
  class space    used 4650K, capacity 4818K, committed 4864K, reserved 1048576K
}
Event: 5.920 GC heap before
{Heap before GC invocations=8 (full 2):
 PSYoungGen      total 125440K, used 480K [0x00000000eab00000, 0x00000000f5900000, 0x0000000100000000)
  eden space 124928K, 0% used [0x00000000eab00000,0x00000000eab00000,0x00000000f2500000)
  from space 512K, 93% used [0x00000000f3200000,0x00000000f3278010,0x00000000f3280000)
  to   space 13312K, 0% used [0x00000000f2500000,0x00000000f2500000,0x00000000f3200000)
 ParOldGen       total 74752K, used 26095K [0x00000000c0000000, 0x00000000c4900000, 0x00000000eab00000)
  object space 74752K, 34% used [0x00000000c0000000,0x00000000c197bdf8,0x00000000c4900000)
 Metaspace       used 34722K, capacity 35292K, committed 35496K, reserved 1079296K
  class space    used 4650K, capacity 4818K, committed 4864K, reserved 1048576K
Event: 6.035 GC heap after
Heap after GC invocations=8 (full 2):
 PSYoungGen      total 125440K, used 0K [0x00000000eab00000, 0x00000000f5900000, 0x0000000100000000)
  eden space 124928K, 0% used [0x00000000eab00000,0x00000000eab00000,0x00000000f2500000)
  from space 512K, 0% used [0x00000000f3200000,0x00000000f3200000,0x00000000f3280000)
  to   space 13312K, 0% used [0x00000000f2500000,0x00000000f2500000,0x00000000f3200000)
 ParOldGen       total 123392K, used 18341K [0x00000000c0000000, 0x00000000c7880000, 0x00000000eab00000)
  object space 123392K, 14% used [0x00000000c0000000,0x00000000c11e9678,0x00000000c7880000)
 Metaspace       used 34722K, capacity 35292K, committed 35496K, reserved 1079296K
  class space    used 4650K, capacity 4818K, committed 4864K, reserved 1048576K
}
Event: 7.532 GC heap before
{Heap before GC invocations=9 (full 2):
 PSYoungGen      total 125440K, used 124928K [0x00000000eab00000, 0x00000000f5900000, 0x0000000100000000)
  eden space 124928K, 100% used [0x00000000eab00000,0x00000000f2500000,0x00000000f2500000)
  from space 512K, 0% used [0x00000000f3200000,0x00000000f3200000,0x00000000f3280000)
  to   space 13312K, 0% used [0x00000000f2500000,0x00000000f2500000,0x00000000f3200000)
 ParOldGen       total 123392K, used 18341K [0x00000000c0000000, 0x00000000c7880000, 0x00000000eab00000)
  object space 123392K, 14% used [0x00000000c0000000,0x00000000c11e9678,0x00000000c7880000)
 Metaspace       used 42120K, capacity 42948K, committed 43264K, reserved 1087488K
  class space    used 5575K, capacity 5777K, committed 5888K, reserved 1048576K
Event: 7.542 GC heap after
Heap after GC invocations=9 (full 2):
 PSYoungGen      total 138240K, used 10130K [0x00000000eab00000, 0x00000000f6100000, 0x0000000100000000)
  eden space 124928K, 0% used [0x00000000eab00000,0x00000000eab00000,0x00000000f2500000)
  from space 13312K, 76% used [0x00000000f2500000,0x00000000f2ee48f0,0x00000000f3200000)
  to   space 13824K, 0% used [0x00000000f5380000,0x00000000f5380000,0x00000000f6100000)
 ParOldGen       total 123392K, used 18413K [0x00000000c0000000, 0x00000000c7880000, 0x00000000eab00000)
  object space 123392K, 14% used [0x00000000c0000000,0x00000000c11fb688,0x00000000c7880000)
 Metaspace       used 42120K, capacity 42948K, committed 43264K, reserved 1087488K
  class space    used 5575K, capacity 5777K, committed 5888K, reserved 1048576K
}

